2018-02-14 12:02:52.175  INFO 5349 --- [main] com.didispace.Chapter1Application        : Starting Chapter1Application on 192.168.0.2 with PID 5349 (/Users/alex/Documents/workspace/BE/SpringBoot-Learning/Chapter1/target/classes started by alex in /Users/alex/Documents/workspace/BE/SpringBoot-Learning/Chapter1)
2018-02-14 12:02:52.177  INFO 5349 --- [main] com.didispace.Chapter1Application        : The following profiles are active: prod
2018-02-14 12:02:52.214  INFO 5349 --- [main] ationConfigEmbeddedWebApplicationContext : Refreshing org.springframework.boot.context.embedded.AnnotationConfigEmbeddedWebApplicationContext@7ce69770: startup date [Wed Feb 14 12:02:52 CST 2018]; root of context hierarchy
2018-02-14 12:02:52.527  INFO 5349 --- [main] o.s.b.f.s.DefaultListableBeanFactory     : Overriding bean definition for bean 'beanNameViewResolver' with a different definition: replacing [Root bean: class [null]; scope=; abstract=false; lazyInit=false; autowireMode=3; dependencyCheck=0; autowireCandidate=true; primary=false; factoryBeanName=org.springframework.boot.autoconfigure.web.ErrorMvcAutoConfiguration$WhitelabelErrorViewConfiguration; factoryMethodName=beanNameViewResolver; initMethodName=null; destroyMethodName=(inferred); defined in class path resource [org/springframework/boot/autoconfigure/web/ErrorMvcAutoConfiguration$WhitelabelErrorViewConfiguration.class]] with [Root bean: class [null]; scope=; abstract=false; lazyInit=false; autowireMode=3; dependencyCheck=0; autowireCandidate=true; primary=false; factoryBeanName=org.springframework.boot.autoconfigure.web.WebMvcAutoConfiguration$WebMvcAutoConfigurationAdapter; factoryMethodName=beanNameViewResolver; initMethodName=null; destroyMethodName=(inferred); defined in class path resource [org/springframework/boot/autoconfigure/web/WebMvcAutoConfiguration$WebMvcAutoConfigurationAdapter.class]]
2018-02-14 12:02:52.886  INFO 5349 --- [main] s.b.c.e.t.TomcatEmbeddedServletContainer : Tomcat initialized with port(s): 8080 (http)
2018-02-14 12:02:52.892  INFO 5349 --- [main] o.apache.catalina.core.StandardService   : Starting service Tomcat
2018-02-14 12:02:52.893  INFO 5349 --- [main] org.apache.catalina.core.StandardEngine  : Starting Servlet Engine: Apache Tomcat/8.0.30
2018-02-14 12:02:52.940  INFO 5349 --- [localhost-startStop-1] o.a.c.c.C.[Tomcat].[localhost].[/]       : Initializing Spring embedded WebApplicationContext
2018-02-14 12:02:52.940  INFO 5349 --- [localhost-startStop-1] o.s.web.context.ContextLoader            : Root WebApplicationContext: initialization completed in 729 ms
2018-02-14 12:02:53.118  INFO 5349 --- [localhost-startStop-1] o.s.b.c.e.ServletRegistrationBean        : Mapping servlet: 'dispatcherServlet' to [/]
2018-02-14 12:02:53.121  INFO 5349 --- [localhost-startStop-1] o.s.b.c.embedded.FilterRegistrationBean  : Mapping filter: 'characterEncodingFilter' to: [/*]
2018-02-14 12:02:53.121  INFO 5349 --- [localhost-startStop-1] o.s.b.c.embedded.FilterRegistrationBean  : Mapping filter: 'hiddenHttpMethodFilter' to: [/*]
2018-02-14 12:02:53.121  INFO 5349 --- [localhost-startStop-1] o.s.b.c.embedded.FilterRegistrationBean  : Mapping filter: 'httpPutFormContentFilter' to: [/*]
2018-02-14 12:02:53.121  INFO 5349 --- [localhost-startStop-1] o.s.b.c.embedded.FilterRegistrationBean  : Mapping filter: 'requestContextFilter' to: [/*]
2018-02-14 12:02:53.243  INFO 5349 --- [main] s.w.s.m.m.a.RequestMappingHandlerAdapter : Looking for @ControllerAdvice: org.springframework.boot.context.embedded.AnnotationConfigEmbeddedWebApplicationContext@7ce69770: startup date [Wed Feb 14 12:02:52 CST 2018]; root of context hierarchy
2018-02-14 12:02:53.283  INFO 5349 --- [main] s.w.s.m.m.a.RequestMappingHandlerMapping : Mapped "{[/hello]}" onto public java.lang.String com.didispace.web.HelloController.index()
2018-02-14 12:02:53.286  INFO 5349 --- [main] s.w.s.m.m.a.RequestMappingHandlerMapping : Mapped "{[/error]}" onto public org.springframework.http.ResponseEntity<java.util.Map<java.lang.String, java.lang.Object>> org.springframework.boot.autoconfigure.web.BasicErrorController.error(javax.servlet.http.HttpServletRequest)
2018-02-14 12:02:53.286  INFO 5349 --- [main] s.w.s.m.m.a.RequestMappingHandlerMapping : Mapped "{[/error],produces=[text/html]}" onto public org.springframework.web.servlet.ModelAndView org.springframework.boot.autoconfigure.web.BasicErrorController.errorHtml(javax.servlet.http.HttpServletRequest,javax.servlet.http.HttpServletResponse)
2018-02-14 12:02:53.306  INFO 5349 --- [main] o.s.w.s.handler.SimpleUrlHandlerMapping  : Mapped URL path [/webjars/**] onto handler of type [class org.springframework.web.servlet.resource.ResourceHttpRequestHandler]
2018-02-14 12:02:53.306  INFO 5349 --- [main] o.s.w.s.handler.SimpleUrlHandlerMapping  : Mapped URL path [/**] onto handler of type [class org.springframework.web.servlet.resource.ResourceHttpRequestHandler]
2018-02-14 12:02:53.331  INFO 5349 --- [main] o.s.w.s.handler.SimpleUrlHandlerMapping  : Mapped URL path [/**/favicon.ico] onto handler of type [class org.springframework.web.servlet.resource.ResourceHttpRequestHandler]
2018-02-14 12:02:53.469  INFO 5349 --- [main] o.s.j.e.a.AnnotationMBeanExporter        : Registering beans for JMX exposure on startup
2018-02-14 12:02:53.521  INFO 5349 --- [main] s.b.c.e.t.TomcatEmbeddedServletContainer : Tomcat started on port(s): 8080 (http)
2018-02-14 12:02:53.524  INFO 5349 --- [main] com.didispace.Chapter1Application        : Started Chapter1Application in 1.526 seconds (JVM running for 2.01)
2018-02-14 12:02:54.917  INFO 5350 --- [main] com.didispace.Chapter1Application        : Starting Chapter1Application on 192.168.0.2 with PID 5350 (/Users/alex/Documents/workspace/BE/SpringBoot-Learning/Chapter1/target/classes started by alex in /Users/alex/Documents/workspace/BE/SpringBoot-Learning/Chapter1)
2018-02-14 12:02:54.919  INFO 5350 --- [main] com.didispace.Chapter1Application        : The following profiles are active: prod
2018-02-14 12:02:54.954  INFO 5350 --- [main] ationConfigEmbeddedWebApplicationContext : Refreshing org.springframework.boot.context.embedded.AnnotationConfigEmbeddedWebApplicationContext@7ce69770: startup date [Wed Feb 14 12:02:54 CST 2018]; root of context hierarchy
2018-02-14 12:02:55.265  INFO 5350 --- [main] o.s.b.f.s.DefaultListableBeanFactory     : Overriding bean definition for bean 'beanNameViewResolver' with a different definition: replacing [Root bean: class [null]; scope=; abstract=false; lazyInit=false; autowireMode=3; dependencyCheck=0; autowireCandidate=true; primary=false; factoryBeanName=org.springframework.boot.autoconfigure.web.ErrorMvcAutoConfiguration$WhitelabelErrorViewConfiguration; factoryMethodName=beanNameViewResolver; initMethodName=null; destroyMethodName=(inferred); defined in class path resource [org/springframework/boot/autoconfigure/web/ErrorMvcAutoConfiguration$WhitelabelErrorViewConfiguration.class]] with [Root bean: class [null]; scope=; abstract=false; lazyInit=false; autowireMode=3; dependencyCheck=0; autowireCandidate=true; primary=false; factoryBeanName=org.springframework.boot.autoconfigure.web.WebMvcAutoConfiguration$WebMvcAutoConfigurationAdapter; factoryMethodName=beanNameViewResolver; initMethodName=null; destroyMethodName=(inferred); defined in class path resource [org/springframework/boot/autoconfigure/web/WebMvcAutoConfiguration$WebMvcAutoConfigurationAdapter.class]]
2018-02-14 12:02:55.612  INFO 5350 --- [main] s.b.c.e.t.TomcatEmbeddedServletContainer : Tomcat initialized with port(s): 8080 (http)
2018-02-14 12:02:55.618  INFO 5350 --- [main] o.apache.catalina.core.StandardService   : Starting service Tomcat
2018-02-14 12:02:55.619  INFO 5350 --- [main] org.apache.catalina.core.StandardEngine  : Starting Servlet Engine: Apache Tomcat/8.0.30
2018-02-14 12:02:55.662  INFO 5350 --- [localhost-startStop-1] o.a.c.c.C.[Tomcat].[localhost].[/]       : Initializing Spring embedded WebApplicationContext
2018-02-14 12:02:55.662  INFO 5350 --- [localhost-startStop-1] o.s.web.context.ContextLoader            : Root WebApplicationContext: initialization completed in 711 ms
2018-02-14 12:02:55.828  INFO 5350 --- [localhost-startStop-1] o.s.b.c.e.ServletRegistrationBean        : Mapping servlet: 'dispatcherServlet' to [/]
2018-02-14 12:02:55.831  INFO 5350 --- [localhost-startStop-1] o.s.b.c.embedded.FilterRegistrationBean  : Mapping filter: 'characterEncodingFilter' to: [/*]
2018-02-14 12:02:55.831  INFO 5350 --- [localhost-startStop-1] o.s.b.c.embedded.FilterRegistrationBean  : Mapping filter: 'hiddenHttpMethodFilter' to: [/*]
2018-02-14 12:02:55.831  INFO 5350 --- [localhost-startStop-1] o.s.b.c.embedded.FilterRegistrationBean  : Mapping filter: 'httpPutFormContentFilter' to: [/*]
2018-02-14 12:02:55.832  INFO 5350 --- [localhost-startStop-1] o.s.b.c.embedded.FilterRegistrationBean  : Mapping filter: 'requestContextFilter' to: [/*]
2018-02-14 12:02:55.981  INFO 5350 --- [main] s.w.s.m.m.a.RequestMappingHandlerAdapter : Looking for @ControllerAdvice: org.springframework.boot.context.embedded.AnnotationConfigEmbeddedWebApplicationContext@7ce69770: startup date [Wed Feb 14 12:02:54 CST 2018]; root of context hierarchy
2018-02-14 12:02:56.018  INFO 5350 --- [main] s.w.s.m.m.a.RequestMappingHandlerMapping : Mapped "{[/hello]}" onto public java.lang.String com.didispace.web.HelloController.index()
2018-02-14 12:02:56.021  INFO 5350 --- [main] s.w.s.m.m.a.RequestMappingHandlerMapping : Mapped "{[/error]}" onto public org.springframework.http.ResponseEntity<java.util.Map<java.lang.String, java.lang.Object>> org.springframework.boot.autoconfigure.web.BasicErrorController.error(javax.servlet.http.HttpServletRequest)
2018-02-14 12:02:56.021  INFO 5350 --- [main] s.w.s.m.m.a.RequestMappingHandlerMapping : Mapped "{[/error],produces=[text/html]}" onto public org.springframework.web.servlet.ModelAndView org.springframework.boot.autoconfigure.web.BasicErrorController.errorHtml(javax.servlet.http.HttpServletRequest,javax.servlet.http.HttpServletResponse)
2018-02-14 12:02:56.041  INFO 5350 --- [main] o.s.w.s.handler.SimpleUrlHandlerMapping  : Mapped URL path [/webjars/**] onto handler of type [class org.springframework.web.servlet.resource.ResourceHttpRequestHandler]
2018-02-14 12:02:56.041  INFO 5350 --- [main] o.s.w.s.handler.SimpleUrlHandlerMapping  : Mapped URL path [/**] onto handler of type [class org.springframework.web.servlet.resource.ResourceHttpRequestHandler]
2018-02-14 12:02:56.064  INFO 5350 --- [main] o.s.w.s.handler.SimpleUrlHandlerMapping  : Mapped URL path [/**/favicon.ico] onto handler of type [class org.springframework.web.servlet.resource.ResourceHttpRequestHandler]
2018-02-14 12:02:56.199  INFO 5350 --- [main] o.s.j.e.a.AnnotationMBeanExporter        : Registering beans for JMX exposure on startup
2018-02-14 12:02:56.238 ERROR 5350 --- [main] o.a.coyote.http11.Http11NioProtocol      : Failed to start end point associated with ProtocolHandler ["http-nio-8080"]

java.net.BindException: Address already in use
	at sun.nio.ch.Net.bind0(Native Method) ~[na:1.8.0_161]
	at sun.nio.ch.Net.bind(Net.java:433) ~[na:1.8.0_161]
	at sun.nio.ch.Net.bind(Net.java:425) ~[na:1.8.0_161]
	at sun.nio.ch.ServerSocketChannelImpl.bind(ServerSocketChannelImpl.java:223) ~[na:1.8.0_161]
	at sun.nio.ch.ServerSocketAdaptor.bind(ServerSocketAdaptor.java:74) ~[na:1.8.0_161]
	at org.apache.tomcat.util.net.NioEndpoint.bind(NioEndpoint.java:340) ~[tomcat-embed-core-8.0.30.jar:8.0.30]
	at org.apache.tomcat.util.net.AbstractEndpoint.start(AbstractEndpoint.java:765) ~[tomcat-embed-core-8.0.30.jar:8.0.30]
	at org.apache.coyote.AbstractProtocol.start(AbstractProtocol.java:473) ~[tomcat-embed-core-8.0.30.jar:8.0.30]
	at org.apache.catalina.connector.Connector.startInternal(Connector.java:986) [tomcat-embed-core-8.0.30.jar:8.0.30]
	at org.apache.catalina.util.LifecycleBase.start(LifecycleBase.java:150) [tomcat-embed-core-8.0.30.jar:8.0.30]
	at org.apache.catalina.core.StandardService.addConnector(StandardService.java:239) [tomcat-embed-core-8.0.30.jar:8.0.30]
	at org.springframework.boot.context.embedded.tomcat.TomcatEmbeddedServletContainer.addPreviouslyRemovedConnectors(TomcatEmbeddedServletContainer.java:194) [spring-boot-1.3.2.RELEASE.jar:1.3.2.RELEASE]
	at org.springframework.boot.context.embedded.tomcat.TomcatEmbeddedServletContainer.start(TomcatEmbeddedServletContainer.java:151) [spring-boot-1.3.2.RELEASE.jar:1.3.2.RELEASE]
	at org.springframework.boot.context.embedded.EmbeddedWebApplicationContext.startEmbeddedServletContainer(EmbeddedWebApplicationContext.java:293) [spring-boot-1.3.2.RELEASE.jar:1.3.2.RELEASE]
	at org.springframework.boot.context.embedded.EmbeddedWebApplicationContext.finishRefresh(EmbeddedWebApplicationContext.java:141) [spring-boot-1.3.2.RELEASE.jar:1.3.2.RELEASE]
	at org.springframework.context.support.AbstractApplicationContext.refresh(AbstractApplicationContext.java:541) [spring-context-4.2.4.RELEASE.jar:4.2.4.RELEASE]
	at org.springframework.boot.context.embedded.EmbeddedWebApplicationContext.refresh(EmbeddedWebApplicationContext.java:118) [spring-boot-1.3.2.RELEASE.jar:1.3.2.RELEASE]
	at org.springframework.boot.SpringApplication.refresh(SpringApplication.java:766) [spring-boot-1.3.2.RELEASE.jar:1.3.2.RELEASE]
	at org.springframework.boot.SpringApplication.createAndRefreshContext(SpringApplication.java:361) [spring-boot-1.3.2.RELEASE.jar:1.3.2.RELEASE]
	at org.springframework.boot.SpringApplication.run(SpringApplication.java:307) [spring-boot-1.3.2.RELEASE.jar:1.3.2.RELEASE]
	at org.springframework.boot.SpringApplication.run(SpringApplication.java:1191) [spring-boot-1.3.2.RELEASE.jar:1.3.2.RELEASE]
	at org.springframework.boot.SpringApplication.run(SpringApplication.java:1180) [spring-boot-1.3.2.RELEASE.jar:1.3.2.RELEASE]
	at com.didispace.Chapter1Application.main(Chapter1Application.java:15) [classes/:na]

2018-02-14 12:02:56.239 ERROR 5350 --- [main] o.apache.catalina.core.StandardService   : Failed to start connector [Connector[HTTP/1.1-8080]]

org.apache.catalina.LifecycleException: Failed to start component [Connector[HTTP/1.1-8080]]
	at org.apache.catalina.util.LifecycleBase.start(LifecycleBase.java:154) ~[tomcat-embed-core-8.0.30.jar:8.0.30]
	at org.apache.catalina.core.StandardService.addConnector(StandardService.java:239) ~[tomcat-embed-core-8.0.30.jar:8.0.30]
	at org.springframework.boot.context.embedded.tomcat.TomcatEmbeddedServletContainer.addPreviouslyRemovedConnectors(TomcatEmbeddedServletContainer.java:194) [spring-boot-1.3.2.RELEASE.jar:1.3.2.RELEASE]
	at org.springframework.boot.context.embedded.tomcat.TomcatEmbeddedServletContainer.start(TomcatEmbeddedServletContainer.java:151) [spring-boot-1.3.2.RELEASE.jar:1.3.2.RELEASE]
	at org.springframework.boot.context.embedded.EmbeddedWebApplicationContext.startEmbeddedServletContainer(EmbeddedWebApplicationContext.java:293) [spring-boot-1.3.2.RELEASE.jar:1.3.2.RELEASE]
	at org.springframework.boot.context.embedded.EmbeddedWebApplicationContext.finishRefresh(EmbeddedWebApplicationContext.java:141) [spring-boot-1.3.2.RELEASE.jar:1.3.2.RELEASE]
	at org.springframework.context.support.AbstractApplicationContext.refresh(AbstractApplicationContext.java:541) [spring-context-4.2.4.RELEASE.jar:4.2.4.RELEASE]
	at org.springframework.boot.context.embedded.EmbeddedWebApplicationContext.refresh(EmbeddedWebApplicationContext.java:118) [spring-boot-1.3.2.RELEASE.jar:1.3.2.RELEASE]
	at org.springframework.boot.SpringApplication.refresh(SpringApplication.java:766) [spring-boot-1.3.2.RELEASE.jar:1.3.2.RELEASE]
	at org.springframework.boot.SpringApplication.createAndRefreshContext(SpringApplication.java:361) [spring-boot-1.3.2.RELEASE.jar:1.3.2.RELEASE]
	at org.springframework.boot.SpringApplication.run(SpringApplication.java:307) [spring-boot-1.3.2.RELEASE.jar:1.3.2.RELEASE]
	at org.springframework.boot.SpringApplication.run(SpringApplication.java:1191) [spring-boot-1.3.2.RELEASE.jar:1.3.2.RELEASE]
	at org.springframework.boot.SpringApplication.run(SpringApplication.java:1180) [spring-boot-1.3.2.RELEASE.jar:1.3.2.RELEASE]
	at com.didispace.Chapter1Application.main(Chapter1Application.java:15) [classes/:na]
Caused by: org.apache.catalina.LifecycleException: service.getName(): "Tomcat";  Protocol handler start failed
	at org.apache.catalina.connector.Connector.startInternal(Connector.java:993) ~[tomcat-embed-core-8.0.30.jar:8.0.30]
	at org.apache.catalina.util.LifecycleBase.start(LifecycleBase.java:150) ~[tomcat-embed-core-8.0.30.jar:8.0.30]
	... 13 common frames omitted
Caused by: java.net.BindException: Address already in use
	at sun.nio.ch.Net.bind0(Native Method) ~[na:1.8.0_161]
	at sun.nio.ch.Net.bind(Net.java:433) ~[na:1.8.0_161]
	at sun.nio.ch.Net.bind(Net.java:425) ~[na:1.8.0_161]
	at sun.nio.ch.ServerSocketChannelImpl.bind(ServerSocketChannelImpl.java:223) ~[na:1.8.0_161]
	at sun.nio.ch.ServerSocketAdaptor.bind(ServerSocketAdaptor.java:74) ~[na:1.8.0_161]
	at org.apache.tomcat.util.net.NioEndpoint.bind(NioEndpoint.java:340) ~[tomcat-embed-core-8.0.30.jar:8.0.30]
	at org.apache.tomcat.util.net.AbstractEndpoint.start(AbstractEndpoint.java:765) ~[tomcat-embed-core-8.0.30.jar:8.0.30]
	at org.apache.coyote.AbstractProtocol.start(AbstractProtocol.java:473) ~[tomcat-embed-core-8.0.30.jar:8.0.30]
	at org.apache.catalina.connector.Connector.startInternal(Connector.java:986) ~[tomcat-embed-core-8.0.30.jar:8.0.30]
	... 14 common frames omitted

2018-02-14 12:02:56.244  INFO 5350 --- [main] o.apache.catalina.core.StandardService   : Stopping service Tomcat
2018-02-14 12:02:56.251 ERROR 5350 --- [main] o.s.boot.SpringApplication               : Application startup failed

org.springframework.boot.context.embedded.EmbeddedServletContainerException: Unable to start embedded Tomcat servlet container
	at org.springframework.boot.context.embedded.tomcat.TomcatEmbeddedServletContainer.start(TomcatEmbeddedServletContainer.java:165) ~[spring-boot-1.3.2.RELEASE.jar:1.3.2.RELEASE]
	at org.springframework.boot.context.embedded.EmbeddedWebApplicationContext.startEmbeddedServletContainer(EmbeddedWebApplicationContext.java:293) ~[spring-boot-1.3.2.RELEASE.jar:1.3.2.RELEASE]
	at org.springframework.boot.context.embedded.EmbeddedWebApplicationContext.finishRefresh(EmbeddedWebApplicationContext.java:141) ~[spring-boot-1.3.2.RELEASE.jar:1.3.2.RELEASE]
	at org.springframework.context.support.AbstractApplicationContext.refresh(AbstractApplicationContext.java:541) ~[spring-context-4.2.4.RELEASE.jar:4.2.4.RELEASE]
	at org.springframework.boot.context.embedded.EmbeddedWebApplicationContext.refresh(EmbeddedWebApplicationContext.java:118) ~[spring-boot-1.3.2.RELEASE.jar:1.3.2.RELEASE]
	at org.springframework.boot.SpringApplication.refresh(SpringApplication.java:766) [spring-boot-1.3.2.RELEASE.jar:1.3.2.RELEASE]
	at org.springframework.boot.SpringApplication.createAndRefreshContext(SpringApplication.java:361) [spring-boot-1.3.2.RELEASE.jar:1.3.2.RELEASE]
	at org.springframework.boot.SpringApplication.run(SpringApplication.java:307) [spring-boot-1.3.2.RELEASE.jar:1.3.2.RELEASE]
	at org.springframework.boot.SpringApplication.run(SpringApplication.java:1191) [spring-boot-1.3.2.RELEASE.jar:1.3.2.RELEASE]
	at org.springframework.boot.SpringApplication.run(SpringApplication.java:1180) [spring-boot-1.3.2.RELEASE.jar:1.3.2.RELEASE]
	at com.didispace.Chapter1Application.main(Chapter1Application.java:15) [classes/:na]
Caused by: java.lang.IllegalStateException: Tomcat connector in failed state
	at org.springframework.boot.context.embedded.tomcat.TomcatEmbeddedServletContainer.start(TomcatEmbeddedServletContainer.java:159) ~[spring-boot-1.3.2.RELEASE.jar:1.3.2.RELEASE]
	... 10 common frames omitted

2018-02-14 12:02:56.252  INFO 5350 --- [main] .b.l.ClasspathLoggingApplicationListener : Application failed to start with classpath: [file:/Library/Java/JavaVirtualMachines/jdk1.8.0_161.jdk/Contents/Home/jre/lib/resources.jar, file:/Library/Java/JavaVirtualMachines/jdk1.8.0_161.jdk/Contents/Home/jre/lib/rt.jar, file:/Library/Java/JavaVirtualMachines/jdk1.8.0_161.jdk/Contents/Home/jre/lib/jsse.jar, file:/Library/Java/JavaVirtualMachines/jdk1.8.0_161.jdk/Contents/Home/jre/lib/jce.jar, file:/Library/Java/JavaVirtualMachines/jdk1.8.0_161.jdk/Contents/Home/jre/lib/charsets.jar, file:/Library/Java/JavaVirtualMachines/jdk1.8.0_161.jdk/Contents/Home/jre/lib/jfr.jar, file:/Library/Java/JavaVirtualMachines/jdk1.8.0_161.jdk/Contents/Home/jre/lib/ext/sunec.jar, file:/Library/Java/JavaVirtualMachines/jdk1.8.0_161.jdk/Contents/Home/jre/lib/ext/nashorn.jar, file:/Library/Java/JavaVirtualMachines/jdk1.8.0_161.jdk/Contents/Home/jre/lib/ext/cldrdata.jar, file:/Library/Java/JavaVirtualMachines/jdk1.8.0_161.jdk/Contents/Home/jre/lib/ext/jfxrt.jar, file:/Library/Java/JavaVirtualMachines/jdk1.8.0_161.jdk/Contents/Home/jre/lib/ext/dnsns.jar, file:/Library/Java/JavaVirtualMachines/jdk1.8.0_161.jdk/Contents/Home/jre/lib/ext/localedata.jar, file:/Library/Java/JavaVirtualMachines/jdk1.8.0_161.jdk/Contents/Home/jre/lib/ext/sunjce_provider.jar, file:/Library/Java/JavaVirtualMachines/jdk1.8.0_161.jdk/Contents/Home/jre/lib/ext/sunpkcs11.jar, file:/Library/Java/JavaVirtualMachines/jdk1.8.0_161.jdk/Contents/Home/jre/lib/ext/jaccess.jar, file:/Library/Java/JavaVirtualMachines/jdk1.8.0_161.jdk/Contents/Home/jre/lib/ext/zipfs.jar, file:/System/Library/Java/Extensions/MRJToolkit.jar, file:/Users/alex/Documents/workspace/BE/SpringBoot-Learning/Chapter1/target/classes/, file:/Users/alex/.m2/repository/org/springframework/boot/spring-boot-starter/1.3.2.RELEASE/spring-boot-starter-1.3.2.RELEASE.jar, file:/Users/alex/.m2/repository/org/springframework/boot/spring-boot/1.3.2.RELEASE/spring-boot-1.3.2.RELEASE.jar, file:/Users/alex/.m2/repository/org/springframework/spring-context/4.2.4.RELEASE/spring-context-4.2.4.RELEASE.jar, file:/Users/alex/.m2/repository/org/springframework/boot/spring-boot-autoconfigure/1.3.2.RELEASE/spring-boot-autoconfigure-1.3.2.RELEASE.jar, file:/Users/alex/.m2/repository/org/springframework/boot/spring-boot-starter-logging/1.3.2.RELEASE/spring-boot-starter-logging-1.3.2.RELEASE.jar, file:/Users/alex/.m2/repository/ch/qos/logback/logback-classic/1.1.3/logback-classic-1.1.3.jar, file:/Users/alex/.m2/repository/ch/qos/logback/logback-core/1.1.3/logback-core-1.1.3.jar, file:/Users/alex/.m2/repository/org/slf4j/slf4j-api/1.7.13/slf4j-api-1.7.13.jar, file:/Users/alex/.m2/repository/org/slf4j/jcl-over-slf4j/1.7.13/jcl-over-slf4j-1.7.13.jar, file:/Users/alex/.m2/repository/org/slf4j/jul-to-slf4j/1.7.13/jul-to-slf4j-1.7.13.jar, file:/Users/alex/.m2/repository/org/slf4j/log4j-over-slf4j/1.7.13/log4j-over-slf4j-1.7.13.jar, file:/Users/alex/.m2/repository/org/springframework/spring-core/4.2.4.RELEASE/spring-core-4.2.4.RELEASE.jar, file:/Users/alex/.m2/repository/org/yaml/snakeyaml/1.16/snakeyaml-1.16.jar, file:/Users/alex/.m2/repository/org/springframework/boot/spring-boot-starter-web/1.3.2.RELEASE/spring-boot-starter-web-1.3.2.RELEASE.jar, file:/Users/alex/.m2/repository/org/springframework/boot/spring-boot-starter-tomcat/1.3.2.RELEASE/spring-boot-starter-tomcat-1.3.2.RELEASE.jar, file:/Users/alex/.m2/repository/org/apache/tomcat/embed/tomcat-embed-core/8.0.30/tomcat-embed-core-8.0.30.jar, file:/Users/alex/.m2/repository/org/apache/tomcat/embed/tomcat-embed-el/8.0.30/tomcat-embed-el-8.0.30.jar, file:/Users/alex/.m2/repository/org/apache/tomcat/embed/tomcat-embed-logging-juli/8.0.30/tomcat-embed-logging-juli-8.0.30.jar, file:/Users/alex/.m2/repository/org/apache/tomcat/embed/tomcat-embed-websocket/8.0.30/tomcat-embed-websocket-8.0.30.jar, file:/Users/alex/.m2/repository/org/springframework/boot/spring-boot-starter-validation/1.3.2.RELEASE/spring-boot-starter-validation-1.3.2.RELEASE.jar, file:/Users/alex/.m2/repository/org/hibernate/hibernate-validator/5.2.2.Final/hibernate-validator-5.2.2.Final.jar, file:/Users/alex/.m2/repository/javax/validation/validation-api/1.1.0.Final/validation-api-1.1.0.Final.jar, file:/Users/alex/.m2/repository/org/jboss/logging/jboss-logging/3.3.0.Final/jboss-logging-3.3.0.Final.jar, file:/Users/alex/.m2/repository/com/fasterxml/classmate/1.1.0/classmate-1.1.0.jar, file:/Users/alex/.m2/repository/com/fasterxml/jackson/core/jackson-databind/2.6.5/jackson-databind-2.6.5.jar, file:/Users/alex/.m2/repository/com/fasterxml/jackson/core/jackson-annotations/2.6.5/jackson-annotations-2.6.5.jar, file:/Users/alex/.m2/repository/com/fasterxml/jackson/core/jackson-core/2.6.5/jackson-core-2.6.5.jar, file:/Users/alex/.m2/repository/org/springframework/spring-web/4.2.4.RELEASE/spring-web-4.2.4.RELEASE.jar, file:/Users/alex/.m2/repository/org/springframework/spring-aop/4.2.4.RELEASE/spring-aop-4.2.4.RELEASE.jar, file:/Users/alex/.m2/repository/aopalliance/aopalliance/1.0/aopalliance-1.0.jar, file:/Users/alex/.m2/repository/org/springframework/spring-beans/4.2.4.RELEASE/spring-beans-4.2.4.RELEASE.jar, file:/Users/alex/.m2/repository/org/springframework/spring-webmvc/4.2.4.RELEASE/spring-webmvc-4.2.4.RELEASE.jar, file:/Users/alex/.m2/repository/org/springframework/spring-expression/4.2.4.RELEASE/spring-expression-4.2.4.RELEASE.jar, file:/Users/alex/.m2/repository/org/projectlombok/lombok/1.16.18/lombok-1.16.18.jar, file:/Users/alex/.m2/repository/org/springframework/boot/spring-boot-configuration-processor/1.3.2.RELEASE/spring-boot-configuration-processor-1.3.2.RELEASE.jar, file:/Users/alex/.m2/repository/org/json/json/20140107/json-20140107.jar]
2018-02-14 12:03:23.073  INFO 5353 --- [main] com.didispace.Chapter1Application        : Starting Chapter1Application on 192.168.0.2 with PID 5353 (/Users/alex/Documents/workspace/BE/SpringBoot-Learning/Chapter1/target/classes started by alex in /Users/alex/Documents/workspace/BE/SpringBoot-Learning/Chapter1)
2018-02-14 12:03:23.075  INFO 5353 --- [main] com.didispace.Chapter1Application        : The following profiles are active: prod
2018-02-14 12:03:23.112  INFO 5353 --- [main] ationConfigEmbeddedWebApplicationContext : Refreshing org.springframework.boot.context.embedded.AnnotationConfigEmbeddedWebApplicationContext@7ce69770: startup date [Wed Feb 14 12:03:23 CST 2018]; root of context hierarchy
2018-02-14 12:03:23.465  INFO 5353 --- [main] o.s.b.f.s.DefaultListableBeanFactory     : Overriding bean definition for bean 'beanNameViewResolver' with a different definition: replacing [Root bean: class [null]; scope=; abstract=false; lazyInit=false; autowireMode=3; dependencyCheck=0; autowireCandidate=true; primary=false; factoryBeanName=org.springframework.boot.autoconfigure.web.ErrorMvcAutoConfiguration$WhitelabelErrorViewConfiguration; factoryMethodName=beanNameViewResolver; initMethodName=null; destroyMethodName=(inferred); defined in class path resource [org/springframework/boot/autoconfigure/web/ErrorMvcAutoConfiguration$WhitelabelErrorViewConfiguration.class]] with [Root bean: class [null]; scope=; abstract=false; lazyInit=false; autowireMode=3; dependencyCheck=0; autowireCandidate=true; primary=false; factoryBeanName=org.springframework.boot.autoconfigure.web.WebMvcAutoConfiguration$WebMvcAutoConfigurationAdapter; factoryMethodName=beanNameViewResolver; initMethodName=null; destroyMethodName=(inferred); defined in class path resource [org/springframework/boot/autoconfigure/web/WebMvcAutoConfiguration$WebMvcAutoConfigurationAdapter.class]]
2018-02-14 12:03:23.811  INFO 5353 --- [main] s.b.c.e.t.TomcatEmbeddedServletContainer : Tomcat initialized with port(s): 8080 (http)
2018-02-14 12:03:23.818  INFO 5353 --- [main] o.apache.catalina.core.StandardService   : Starting service Tomcat
2018-02-14 12:03:23.818  INFO 5353 --- [main] org.apache.catalina.core.StandardEngine  : Starting Servlet Engine: Apache Tomcat/8.0.30
2018-02-14 12:03:23.868  INFO 5353 --- [localhost-startStop-1] o.a.c.c.C.[Tomcat].[localhost].[/]       : Initializing Spring embedded WebApplicationContext
2018-02-14 12:03:23.868  INFO 5353 --- [localhost-startStop-1] o.s.web.context.ContextLoader            : Root WebApplicationContext: initialization completed in 759 ms
2018-02-14 12:03:24.036  INFO 5353 --- [localhost-startStop-1] o.s.b.c.e.ServletRegistrationBean        : Mapping servlet: 'dispatcherServlet' to [/]
2018-02-14 12:03:24.039  INFO 5353 --- [localhost-startStop-1] o.s.b.c.embedded.FilterRegistrationBean  : Mapping filter: 'characterEncodingFilter' to: [/*]
2018-02-14 12:03:24.039  INFO 5353 --- [localhost-startStop-1] o.s.b.c.embedded.FilterRegistrationBean  : Mapping filter: 'hiddenHttpMethodFilter' to: [/*]
2018-02-14 12:03:24.039  INFO 5353 --- [localhost-startStop-1] o.s.b.c.embedded.FilterRegistrationBean  : Mapping filter: 'httpPutFormContentFilter' to: [/*]
2018-02-14 12:03:24.039  INFO 5353 --- [localhost-startStop-1] o.s.b.c.embedded.FilterRegistrationBean  : Mapping filter: 'requestContextFilter' to: [/*]
2018-02-14 12:03:24.178  INFO 5353 --- [main] s.w.s.m.m.a.RequestMappingHandlerAdapter : Looking for @ControllerAdvice: org.springframework.boot.context.embedded.AnnotationConfigEmbeddedWebApplicationContext@7ce69770: startup date [Wed Feb 14 12:03:23 CST 2018]; root of context hierarchy
2018-02-14 12:03:24.216  INFO 5353 --- [main] s.w.s.m.m.a.RequestMappingHandlerMapping : Mapped "{[/hello]}" onto public java.lang.String com.didispace.web.HelloController.index()
2018-02-14 12:03:24.220  INFO 5353 --- [main] s.w.s.m.m.a.RequestMappingHandlerMapping : Mapped "{[/error]}" onto public org.springframework.http.ResponseEntity<java.util.Map<java.lang.String, java.lang.Object>> org.springframework.boot.autoconfigure.web.BasicErrorController.error(javax.servlet.http.HttpServletRequest)
2018-02-14 12:03:24.220  INFO 5353 --- [main] s.w.s.m.m.a.RequestMappingHandlerMapping : Mapped "{[/error],produces=[text/html]}" onto public org.springframework.web.servlet.ModelAndView org.springframework.boot.autoconfigure.web.BasicErrorController.errorHtml(javax.servlet.http.HttpServletRequest,javax.servlet.http.HttpServletResponse)
2018-02-14 12:03:24.241  INFO 5353 --- [main] o.s.w.s.handler.SimpleUrlHandlerMapping  : Mapped URL path [/webjars/**] onto handler of type [class org.springframework.web.servlet.resource.ResourceHttpRequestHandler]
2018-02-14 12:03:24.242  INFO 5353 --- [main] o.s.w.s.handler.SimpleUrlHandlerMapping  : Mapped URL path [/**] onto handler of type [class org.springframework.web.servlet.resource.ResourceHttpRequestHandler]
2018-02-14 12:03:24.266  INFO 5353 --- [main] o.s.w.s.handler.SimpleUrlHandlerMapping  : Mapped URL path [/**/favicon.ico] onto handler of type [class org.springframework.web.servlet.resource.ResourceHttpRequestHandler]
2018-02-14 12:03:24.402  INFO 5353 --- [main] o.s.j.e.a.AnnotationMBeanExporter        : Registering beans for JMX exposure on startup
2018-02-14 12:03:24.457  INFO 5353 --- [main] s.b.c.e.t.TomcatEmbeddedServletContainer : Tomcat started on port(s): 8080 (http)
2018-02-14 12:03:24.460  INFO 5353 --- [main] com.didispace.Chapter1Application        : Started Chapter1Application in 1.548 seconds (JVM running for 2.038)
2018-02-14 12:03:52.961  INFO 5353 --- [http-nio-8080-exec-1] o.a.c.c.C.[Tomcat].[localhost].[/]       : Initializing Spring FrameworkServlet 'dispatcherServlet'
2018-02-14 12:03:52.961  INFO 5353 --- [http-nio-8080-exec-1] o.s.web.servlet.DispatcherServlet        : FrameworkServlet 'dispatcherServlet': initialization started
2018-02-14 12:03:52.972  INFO 5353 --- [http-nio-8080-exec-1] o.s.web.servlet.DispatcherServlet        : FrameworkServlet 'dispatcherServlet': initialization completed in 11 ms
2018-02-14 12:03:52.991  INFO 5353 --- [http-nio-8080-exec-1] com.didispace.web.HelloController        : testing purpose: info level
2018-02-15 11:27:31.340  INFO 21562 --- [main] com.spring.boot.Chapter1Application      : Starting Chapter1Application on alexs-mbp with PID 21562 (/Users/alex/Documents/workspace/BE/springboot-properties-logging-multiple-env/target/classes started by alex in /Users/alex/Documents/workspace/BE/springboot-properties-logging-multiple-env)
2018-02-15 11:27:31.345  INFO 21562 --- [main] com.spring.boot.Chapter1Application      : The following profiles are active: prod
2018-02-15 11:27:31.371  INFO 21562 --- [main] ationConfigEmbeddedWebApplicationContext : Refreshing org.springframework.boot.context.embedded.AnnotationConfigEmbeddedWebApplicationContext@6a79c292: startup date [Thu Feb 15 11:27:31 CST 2018]; root of context hierarchy
2018-02-15 11:27:31.640  INFO 21562 --- [main] o.s.b.f.s.DefaultListableBeanFactory     : Overriding bean definition for bean 'beanNameViewResolver' with a different definition: replacing [Root bean: class [null]; scope=; abstract=false; lazyInit=false; autowireMode=3; dependencyCheck=0; autowireCandidate=true; primary=false; factoryBeanName=org.springframework.boot.autoconfigure.web.ErrorMvcAutoConfiguration$WhitelabelErrorViewConfiguration; factoryMethodName=beanNameViewResolver; initMethodName=null; destroyMethodName=(inferred); defined in class path resource [org/springframework/boot/autoconfigure/web/ErrorMvcAutoConfiguration$WhitelabelErrorViewConfiguration.class]] with [Root bean: class [null]; scope=; abstract=false; lazyInit=false; autowireMode=3; dependencyCheck=0; autowireCandidate=true; primary=false; factoryBeanName=org.springframework.boot.autoconfigure.web.WebMvcAutoConfiguration$WebMvcAutoConfigurationAdapter; factoryMethodName=beanNameViewResolver; initMethodName=null; destroyMethodName=(inferred); defined in class path resource [org/springframework/boot/autoconfigure/web/WebMvcAutoConfiguration$WebMvcAutoConfigurationAdapter.class]]
2018-02-15 11:27:31.941  INFO 21562 --- [main] s.b.c.e.t.TomcatEmbeddedServletContainer : Tomcat initialized with port(s): 8080 (http)
2018-02-15 11:27:31.948  INFO 21562 --- [main] o.apache.catalina.core.StandardService   : Starting service Tomcat
2018-02-15 11:27:31.948  INFO 21562 --- [main] org.apache.catalina.core.StandardEngine  : Starting Servlet Engine: Apache Tomcat/8.0.30
2018-02-15 11:27:31.986  INFO 21562 --- [localhost-startStop-1] o.a.c.c.C.[Tomcat].[localhost].[/]       : Initializing Spring embedded WebApplicationContext
2018-02-15 11:27:31.986  INFO 21562 --- [localhost-startStop-1] o.s.web.context.ContextLoader            : Root WebApplicationContext: initialization completed in 617 ms
2018-02-15 11:27:32.129  INFO 21562 --- [localhost-startStop-1] o.s.b.c.e.ServletRegistrationBean        : Mapping servlet: 'dispatcherServlet' to [/]
2018-02-15 11:27:32.131  INFO 21562 --- [localhost-startStop-1] o.s.b.c.embedded.FilterRegistrationBean  : Mapping filter: 'characterEncodingFilter' to: [/*]
2018-02-15 11:27:32.131  INFO 21562 --- [localhost-startStop-1] o.s.b.c.embedded.FilterRegistrationBean  : Mapping filter: 'hiddenHttpMethodFilter' to: [/*]
2018-02-15 11:27:32.131  INFO 21562 --- [localhost-startStop-1] o.s.b.c.embedded.FilterRegistrationBean  : Mapping filter: 'httpPutFormContentFilter' to: [/*]
2018-02-15 11:27:32.131  INFO 21562 --- [localhost-startStop-1] o.s.b.c.embedded.FilterRegistrationBean  : Mapping filter: 'requestContextFilter' to: [/*]
2018-02-15 11:27:32.225  INFO 21562 --- [main] s.w.s.m.m.a.RequestMappingHandlerAdapter : Looking for @ControllerAdvice: org.springframework.boot.context.embedded.AnnotationConfigEmbeddedWebApplicationContext@6a79c292: startup date [Thu Feb 15 11:27:31 CST 2018]; root of context hierarchy
2018-02-15 11:27:32.251  INFO 21562 --- [main] s.w.s.m.m.a.RequestMappingHandlerMapping : Mapped "{[/hello]}" onto public java.lang.String com.spring.boot.web.HelloController.index()
2018-02-15 11:27:32.254  INFO 21562 --- [main] s.w.s.m.m.a.RequestMappingHandlerMapping : Mapped "{[/error]}" onto public org.springframework.http.ResponseEntity<java.util.Map<java.lang.String, java.lang.Object>> org.springframework.boot.autoconfigure.web.BasicErrorController.error(javax.servlet.http.HttpServletRequest)
2018-02-15 11:27:32.254  INFO 21562 --- [main] s.w.s.m.m.a.RequestMappingHandlerMapping : Mapped "{[/error],produces=[text/html]}" onto public org.springframework.web.servlet.ModelAndView org.springframework.boot.autoconfigure.web.BasicErrorController.errorHtml(javax.servlet.http.HttpServletRequest,javax.servlet.http.HttpServletResponse)
2018-02-15 11:27:32.268  INFO 21562 --- [main] o.s.w.s.handler.SimpleUrlHandlerMapping  : Mapped URL path [/webjars/**] onto handler of type [class org.springframework.web.servlet.resource.ResourceHttpRequestHandler]
2018-02-15 11:27:32.268  INFO 21562 --- [main] o.s.w.s.handler.SimpleUrlHandlerMapping  : Mapped URL path [/**] onto handler of type [class org.springframework.web.servlet.resource.ResourceHttpRequestHandler]
2018-02-15 11:27:32.285  INFO 21562 --- [main] o.s.w.s.handler.SimpleUrlHandlerMapping  : Mapped URL path [/**/favicon.ico] onto handler of type [class org.springframework.web.servlet.resource.ResourceHttpRequestHandler]
2018-02-15 11:27:32.350  INFO 21562 --- [main] o.s.j.e.a.AnnotationMBeanExporter        : Registering beans for JMX exposure on startup
2018-02-15 11:27:32.396  INFO 21562 --- [main] s.b.c.e.t.TomcatEmbeddedServletContainer : Tomcat started on port(s): 8080 (http)
2018-02-15 11:27:32.399  INFO 21562 --- [main] com.spring.boot.Chapter1Application      : Started Chapter1Application in 1.203 seconds (JVM running for 1.608)
2018-02-15 11:27:46.084  INFO 21562 --- [http-nio-8080-exec-1] o.a.c.c.C.[Tomcat].[localhost].[/]       : Initializing Spring FrameworkServlet 'dispatcherServlet'
2018-02-15 11:27:46.084  INFO 21562 --- [http-nio-8080-exec-1] o.s.web.servlet.DispatcherServlet        : FrameworkServlet 'dispatcherServlet': initialization started
2018-02-15 11:27:46.093  INFO 21562 --- [http-nio-8080-exec-1] o.s.web.servlet.DispatcherServlet        : FrameworkServlet 'dispatcherServlet': initialization completed in 8 ms
2018-02-15 11:27:46.109  INFO 21562 --- [http-nio-8080-exec-1] com.spring.boot.web.HelloController      : testing purpose: easypard
2018-02-15 11:28:30.798  INFO 21562 --- [RMI TCP Connection(4)-127.0.0.1] inMXBeanRegistrar$SpringApplicationAdmin : Application shutdown requested.
2018-02-15 11:28:30.798  INFO 21562 --- [RMI TCP Connection(2)-127.0.0.1] inMXBeanRegistrar$SpringApplicationAdmin : Application shutdown requested.
2018-02-15 11:28:30.798  INFO 21562 --- [RMI TCP Connection(4)-127.0.0.1] ationConfigEmbeddedWebApplicationContext : Closing org.springframework.boot.context.embedded.AnnotationConfigEmbeddedWebApplicationContext@6a79c292: startup date [Thu Feb 15 11:27:31 CST 2018]; root of context hierarchy
2018-02-15 11:28:30.800  INFO 21562 --- [RMI TCP Connection(4)-127.0.0.1] o.s.j.e.a.AnnotationMBeanExporter        : Unregistering JMX-exposed beans on shutdown
2018-02-15 11:42:31.174  INFO 21603 --- [main] com.spring.boot.Chapter1Application      : Starting Chapter1Application on alexs-mbp with PID 21603 (/Users/alex/Documents/workspace/BE/springboot-properties-logging-multiple-env/target/classes started by alex in /Users/alex/Documents/workspace/BE/springboot-properties-logging-multiple-env)
2018-02-15 11:42:31.176  INFO 21603 --- [main] com.spring.boot.Chapter1Application      : The following profiles are active: prod
2018-02-15 11:42:31.205  INFO 21603 --- [main] ationConfigEmbeddedWebApplicationContext : Refreshing org.springframework.boot.context.embedded.AnnotationConfigEmbeddedWebApplicationContext@6a79c292: startup date [Thu Feb 15 11:42:31 CST 2018]; root of context hierarchy
2018-02-15 11:42:31.475  INFO 21603 --- [main] o.s.b.f.s.DefaultListableBeanFactory     : Overriding bean definition for bean 'beanNameViewResolver' with a different definition: replacing [Root bean: class [null]; scope=; abstract=false; lazyInit=false; autowireMode=3; dependencyCheck=0; autowireCandidate=true; primary=false; factoryBeanName=org.springframework.boot.autoconfigure.web.ErrorMvcAutoConfiguration$WhitelabelErrorViewConfiguration; factoryMethodName=beanNameViewResolver; initMethodName=null; destroyMethodName=(inferred); defined in class path resource [org/springframework/boot/autoconfigure/web/ErrorMvcAutoConfiguration$WhitelabelErrorViewConfiguration.class]] with [Root bean: class [null]; scope=; abstract=false; lazyInit=false; autowireMode=3; dependencyCheck=0; autowireCandidate=true; primary=false; factoryBeanName=org.springframework.boot.autoconfigure.web.WebMvcAutoConfiguration$WebMvcAutoConfigurationAdapter; factoryMethodName=beanNameViewResolver; initMethodName=null; destroyMethodName=(inferred); defined in class path resource [org/springframework/boot/autoconfigure/web/WebMvcAutoConfiguration$WebMvcAutoConfigurationAdapter.class]]
2018-02-15 11:42:31.776  INFO 21603 --- [main] s.b.c.e.t.TomcatEmbeddedServletContainer : Tomcat initialized with port(s): 8080 (http)
2018-02-15 11:42:31.782  INFO 21603 --- [main] o.apache.catalina.core.StandardService   : Starting service Tomcat
2018-02-15 11:42:31.782  INFO 21603 --- [main] org.apache.catalina.core.StandardEngine  : Starting Servlet Engine: Apache Tomcat/8.0.30
2018-02-15 11:42:31.819  INFO 21603 --- [localhost-startStop-1] o.a.c.c.C.[Tomcat].[localhost].[/]       : Initializing Spring embedded WebApplicationContext
2018-02-15 11:42:31.819  INFO 21603 --- [localhost-startStop-1] o.s.web.context.ContextLoader            : Root WebApplicationContext: initialization completed in 617 ms
2018-02-15 11:42:31.963  INFO 21603 --- [localhost-startStop-1] o.s.b.c.e.ServletRegistrationBean        : Mapping servlet: 'dispatcherServlet' to [/]
2018-02-15 11:42:31.965  INFO 21603 --- [localhost-startStop-1] o.s.b.c.embedded.FilterRegistrationBean  : Mapping filter: 'characterEncodingFilter' to: [/*]
2018-02-15 11:42:31.966  INFO 21603 --- [localhost-startStop-1] o.s.b.c.embedded.FilterRegistrationBean  : Mapping filter: 'hiddenHttpMethodFilter' to: [/*]
2018-02-15 11:42:31.966  INFO 21603 --- [localhost-startStop-1] o.s.b.c.embedded.FilterRegistrationBean  : Mapping filter: 'httpPutFormContentFilter' to: [/*]
2018-02-15 11:42:31.966  INFO 21603 --- [localhost-startStop-1] o.s.b.c.embedded.FilterRegistrationBean  : Mapping filter: 'requestContextFilter' to: [/*]
2018-02-15 11:42:32.059  INFO 21603 --- [main] s.w.s.m.m.a.RequestMappingHandlerAdapter : Looking for @ControllerAdvice: org.springframework.boot.context.embedded.AnnotationConfigEmbeddedWebApplicationContext@6a79c292: startup date [Thu Feb 15 11:42:31 CST 2018]; root of context hierarchy
2018-02-15 11:42:32.084  INFO 21603 --- [main] s.w.s.m.m.a.RequestMappingHandlerMapping : Mapped "{[/hello]}" onto public java.lang.String com.spring.boot.web.HelloController.index()
2018-02-15 11:42:32.086  INFO 21603 --- [main] s.w.s.m.m.a.RequestMappingHandlerMapping : Mapped "{[/error]}" onto public org.springframework.http.ResponseEntity<java.util.Map<java.lang.String, java.lang.Object>> org.springframework.boot.autoconfigure.web.BasicErrorController.error(javax.servlet.http.HttpServletRequest)
2018-02-15 11:42:32.086  INFO 21603 --- [main] s.w.s.m.m.a.RequestMappingHandlerMapping : Mapped "{[/error],produces=[text/html]}" onto public org.springframework.web.servlet.ModelAndView org.springframework.boot.autoconfigure.web.BasicErrorController.errorHtml(javax.servlet.http.HttpServletRequest,javax.servlet.http.HttpServletResponse)
2018-02-15 11:42:32.099  INFO 21603 --- [main] o.s.w.s.handler.SimpleUrlHandlerMapping  : Mapped URL path [/webjars/**] onto handler of type [class org.springframework.web.servlet.resource.ResourceHttpRequestHandler]
2018-02-15 11:42:32.100  INFO 21603 --- [main] o.s.w.s.handler.SimpleUrlHandlerMapping  : Mapped URL path [/**] onto handler of type [class org.springframework.web.servlet.resource.ResourceHttpRequestHandler]
2018-02-15 11:42:32.118  INFO 21603 --- [main] o.s.w.s.handler.SimpleUrlHandlerMapping  : Mapped URL path [/**/favicon.ico] onto handler of type [class org.springframework.web.servlet.resource.ResourceHttpRequestHandler]
2018-02-15 11:42:32.180  INFO 21603 --- [main] o.s.j.e.a.AnnotationMBeanExporter        : Registering beans for JMX exposure on startup
2018-02-15 11:42:32.225  INFO 21603 --- [main] s.b.c.e.t.TomcatEmbeddedServletContainer : Tomcat started on port(s): 8080 (http)
2018-02-15 11:42:32.228  INFO 21603 --- [main] com.spring.boot.Chapter1Application      : Started Chapter1Application in 1.2 seconds (JVM running for 1.629)
2018-02-15 11:42:35.795  INFO 21603 --- [http-nio-8080-exec-1] o.a.c.c.C.[Tomcat].[localhost].[/]       : Initializing Spring FrameworkServlet 'dispatcherServlet'
2018-02-15 11:42:35.795  INFO 21603 --- [http-nio-8080-exec-1] o.s.web.servlet.DispatcherServlet        : FrameworkServlet 'dispatcherServlet': initialization started
2018-02-15 11:42:35.803  INFO 21603 --- [http-nio-8080-exec-1] o.s.web.servlet.DispatcherServlet        : FrameworkServlet 'dispatcherServlet': initialization completed in 8 ms
2018-02-15 11:42:35.821  INFO 21603 --- [http-nio-8080-exec-1] com.spring.boot.web.HelloController      : testing purpose: easypard
